<?xml version="1.0" encoding="UTF-8" ?>
<testsuite errors="0" failures="0" hostname="vpn115.its.manchester.ac.uk" name="uk.ac.man.jb.pct.test.TestHarness" tests="1" time="0.042" timestamp="2012-07-16T08:50:14">
  <properties>
    <property name="java.vendor" value="Apple Inc." />
    <property name="sun.java.launcher" value="SUN_STANDARD" />
    <property name="eclipse.pdebuild.templates" value="/Applications/eclipse/plugins/org.eclipse.pde.build_3.7.0.v20110512-1320/templates//" />
    <property name="sun.management.compiler" value="HotSpot 64-Bit Tiered Compilers" />
    <property name="docs.dir" value="/Users/rob/git/JBO-Pulsar-Classifier/JBO Pulsar Classifier Tool/docs" />
    <property name="os.name" value="Mac OS X" />
    <property name="sun.boot.class.path" value="/System/Library/Java/JavaVirtualMachines/1.6.0.jdk/Contents/Classes/jsfd.jar:/System/Library/Java/JavaVirtualMachines/1.6.0.jdk/Contents/Classes/classes.jar:/System/Library/Frameworks/JavaVM.framework/Frameworks/JavaRuntimeSupport.framework/Resources/Java/JavaRuntimeSupport.jar:/System/Library/Java/JavaVirtualMachines/1.6.0.jdk/Contents/Classes/ui.jar:/System/Library/Java/JavaVirtualMachines/1.6.0.jdk/Contents/Classes/laf.jar:/System/Library/Java/JavaVirtualMachines/1.6.0.jdk/Contents/Classes/sunrsasign.jar:/System/Library/Java/JavaVirtualMachines/1.6.0.jdk/Contents/Classes/jsse.jar:/System/Library/Java/JavaVirtualMachines/1.6.0.jdk/Contents/Classes/jce.jar:/System/Library/Java/JavaVirtualMachines/1.6.0.jdk/Contents/Classes/charsets.jar" />
    <property name="java.vm.specification.vendor" value="Sun Microsystems Inc." />
    <property name="ant.home" value="/Applications/eclipse/plugins/org.apache.ant_1.8.2.v20110505-1300" />
    <property name="java.runtime.version" value="1.6.0_33-b03-424-11M3720" />
    <property name="user.name" value="rob" />
    <property name="awt.nativeDoubleBuffering" value="true" />
    <property name="build.dir" value="/Users/rob/git/JBO-Pulsar-Classifier/JBO Pulsar Classifier Tool/build" />
    <property name="user.language" value="en" />
    <property name="test.report.dir" value="/Users/rob/git/JBO-Pulsar-Classifier/JBO Pulsar Classifier Tool/testreport" />
    <property name="sun.boot.library.path" value="/System/Library/Java/JavaVirtualMachines/1.6.0.jdk/Contents/Libraries" />
    <property name="ant.file.type.Ant-Test" value="file" />
    <property name="ant.project.default-target" value="main" />
    <property name="ant.project.name" value="Ant-Test" />
    <property name="java.version" value="1.6.0_33" />
    <property name="user.timezone" value="" />
    <property name="sun.arch.data.model" value="64" />
    <property name="java.endorsed.dirs" value="/System/Library/Java/JavaVirtualMachines/1.6.0.jdk/Contents/Home/lib/endorsed" />
    <property name="sun.cpu.isalist" value="" />
    <property name="sun.jnu.encoding" value="MacRoman" />
    <property name="file.encoding.pkg" value="sun.io" />
    <property name="file.separator" value="/" />
    <property name="java.specification.name" value="Java Platform API Specification" />
    <property name="java.class.version" value="50.0" />
    <property name="user.country" value="US" />
    <property name="java.home" value="/System/Library/Java/JavaVirtualMachines/1.6.0.jdk/Contents/Home" />
    <property name="dist.dir" value="/Users/rob/git/JBO-Pulsar-Classifier/JBO Pulsar Classifier Tool/dist" />
    <property name="java.vm.info" value="mixed mode" />
    <property name="ant.file" value="/Users/rob/git/JBO-Pulsar-Classifier/JBO Pulsar Classifier Tool/build.xml" />
    <property name="os.version" value="10.7.4" />
    <property name="path.separator" value=":" />
    <property name="java.vm.version" value="20.8-b03-424" />
    <property name="ant.library.dir" value="/Applications/eclipse/plugins/org.apache.ant_1.8.2.v20110505-1300/lib" />
    <property name="java.awt.printerjob" value="apple.awt.CPrinterJob" />
    <property name="sun.io.unicode.encoding" value="UnicodeLittle" />
    <property name="awt.toolkit" value="apple.awt.CToolkit" />
    <property name="eclipse.pdebuild.scripts" value="/Applications/eclipse/plugins/org.eclipse.pde.build_3.7.0.v20110512-1320/scripts//" />
    <property name="user.home" value="/Users/rob" />
    <property name="java.specification.vendor" value="Sun Microsystems Inc." />
    <property name="test.dir" value="/Users/rob/git/JBO-Pulsar-Classifier/JBO Pulsar Classifier Tool/test" />
    <property name="java.library.path" value=".:/Library/Java/Extensions:/System/Library/Java/Extensions:/usr/lib/java" />
    <property name="java.vendor.url" value="http://www.apple.com/" />
    <property name="ant.file.Ant-Test" value="/Users/rob/git/JBO-Pulsar-Classifier/JBO Pulsar Classifier Tool/build.xml" />
    <property name="java.vm.vendor" value="Apple Inc." />
    <property name="gopherProxySet" value="false" />
    <property name="java.runtime.name" value="Java(TM) SE Runtime Environment" />
    <property name="sun.java.command" value="org.apache.tools.ant.taskdefs.optional.junit.JUnitTestRunner uk.ac.man.jb.pct.test.TestHarness filtertrace=true haltOnError=false haltOnFailure=true formatter=org.apache.tools.ant.taskdefs.optional.junit.SummaryJUnitResultFormatter showoutput=false outputtoformatters=true logfailedtests=true logtestlistenerevents=false formatter=org.apache.tools.ant.taskdefs.optional.junit.XMLJUnitResultFormatter,/Users/rob/git/JBO-Pulsar-Classifier/JBO Pulsar Classifier Tool/testreport/TEST-uk.ac.man.jb.pct.test.TestHarness.xml crashfile=/Users/rob/git/JBO-Pulsar-Classifier/JBO Pulsar Classifier Tool/junitvmwatcher792920616258823561.properties propsfile=/Users/rob/git/JBO-Pulsar-Classifier/JBO Pulsar Classifier Tool/junit7639710383762635652.properties" />
    <property name="java.class.path" value="/Users/rob/git/JBO-Pulsar-Classifier/JBO Pulsar Classifier Tool/Resources/junit-4.10.jar:/Users/rob/git/JBO-Pulsar-Classifier/JBO Pulsar Classifier Tool/build:/Applications/eclipse/plugins/org.apache.ant_1.8.2.v20110505-1300/lib/ant-launcher.jar:/Applications/eclipse/plugins/org.apache.ant_1.8.2.v20110505-1300/lib/ant.jar:/Applications/eclipse/plugins/org.apache.ant_1.8.2.v20110505-1300/lib/ant-junit.jar:/Applications/eclipse/plugins/org.apache.ant_1.8.2.v20110505-1300/lib/ant-junit4.jar" />
    <property name="ant.version" value="Apache Ant(TM) version 1.8.2 compiled on December 20 2010" />
    <property name="java.vm.specification.name" value="Java Virtual Machine Specification" />
    <property name="java.vm.specification.version" value="1.0" />
    <property name="sun.cpu.endian" value="little" />
    <property name="sun.os.patch.level" value="unknown" />
    <property name="eclipse.pdebuild.home" value="/Applications/eclipse/plugins/org.eclipse.pde.build_3.7.0.v20110512-1320/.//" />
    <property name="java.io.tmpdir" value="/var/folders/2y/93447gss0dbcm1xlhggmrnsc0000gn/T/" />
    <property name="java.vendor.url.bug" value="http://bugreport.apple.com/" />
    <property name="mrj.build" value="11M3720" />
    <property name="os.arch" value="x86_64" />
    <property name="java.awt.graphicsenv" value="apple.awt.CGraphicsEnvironment" />
    <property name="java.ext.dirs" value="/Library/Java/Extensions:/System/Library/Java/Extensions:/System/Library/Java/JavaVirtualMachines/1.6.0.jdk/Contents/Home/lib/ext" />
    <property name="mrj.version" value="1070.1.6.0_33-424" />
    <property name="user.dir" value="/Users/rob/git/JBO-Pulsar-Classifier/JBO Pulsar Classifier Tool" />
    <property name="line.separator" value="&#xa;" />
    <property name="java.vm.name" value="Java HotSpot(TM) 64-Bit Server VM" />
    <property name="basedir" value="/Users/rob/git/JBO-Pulsar-Classifier/JBO Pulsar Classifier Tool" />
    <property name="ant.java.version" value="1.6" />
    <property name="ant.core.lib" value="/Applications/eclipse/plugins/org.apache.ant_1.8.2.v20110505-1300/lib/ant.jar" />
    <property name="file.encoding" value="MacRoman" />
    <property name="java.specification.version" value="1.6" />
    <property name="src.dir" value="/Users/rob/git/JBO-Pulsar-Classifier/JBO Pulsar Classifier Tool/src" />
    <property name="ant.project.invoked-targets" value="main" />
  </properties>
  <testcase classname="uk.ac.man.jb.pct.test.TestHarness" name="testSeperateString" time="0.0040" />
  <system-out><![CDATA[]]></system-out>
  <system-err><![CDATA[]]></system-err>
</testsuite>
